Arguments: 
  D:\Program Files\nodejs\node.exe D:\npm\node_modules\yarn\bin\yarn.js

PATH: 
  C:\WINDOWS\system32;C:\WINDOWS;C:\WINDOWS\System32\Wbem;C:\WINDOWS\System32\WindowsPowerShell\v1.0\;C:\WINDOWS\System32\OpenSSH\;D:\nvm;D:\Program Files\nodejs;D:\Program Files\Microsoft VS Code\bin;D:\npm;%GOROOT%\bin;%JAVA_HOME%\bin;C:\ProgramData\chocolatey\bin;D:\Program Files\TortoiseSVN\bin;D:\msys64\usr\bin\;D:\msys64\mingw64\bin;C:\Program Files\Microsoft\Web Platform Installer\;C:\Program Files\WindowsApps\Microsoft.WindowsTerminal_1.0.1401.0_x64__8wekyb3d8bbwe;D:\green\platform-tools;C:\Users\fisker\AppData\Local\Microsoft\WindowsApps;D:\Pro;ram Files\Git\cmd;D:\.pyenv\pyenv-win\bin;D:\.pyenv\pyenv-win\shims;D:\Program Files\TortoiseGit\bin;D:\P;ogram Files\Git\cmd;D:\Program Files (x86)\Tencent\微信web开发者工具\dll;;;D:\P;ogram Files\Git\cmd;D:\Program Files\GitHub CLI\;D:\Program Files\Git\cmd;D:\Program Files\Git\mingw64\bin;D:\Program Files\Git\usr\bin;C:\Users\fisker\.cargo\bin;D:\Python39\Scripts\;D:\Python39\;D:\Program Files (x86)\GitHub CLI\;C:\Users\fisker\.dprint\bin

Yarn version: 
  1.22.18

Node version: 
  18.8.0

Platform: 
  win32 x64

Trace: 
  Error: https://registry.yarnpkg.com/rxjs/-/rxjs-7.5.7.tgz: ESOCKETTIMEDOUT
      at ClientRequest.<anonymous> (D:\npm\node_modules\yarn\lib\cli.js:141510:19)
      at Object.onceWrapper (node:events:627:28)
      at ClientRequest.emit (node:events:513:28)
      at TLSSocket.emitRequestTimeout (node:_http_client:838:9)
      at Object.onceWrapper (node:events:627:28)
      at TLSSocket.emit (node:events:525:35)
      at Socket._onTimeout (node:net:562:8)
      at listOnTimeout (node:internal/timers:564:17)
      at process.processTimers (node:internal/timers:507:7)

npm manifest: 
  {
    "name": "sort-package-json",
    "version": "0.0.0-development",
    "description": "Sort an Object or package.json based on the well-known package.json keys",
    "keywords": [
      "keys",
      "object",
      "sort"
    ],
    "homepage": "https://github.com/keithamus/sort-package-json#readme",
    "bugs": {
      "url": "https://github.com/keithamus/sort-package-json/issues"
    },
    "repository": {
      "type": "git",
      "url": "git+ssh://git@github.com/keithamus/sort-package-json.git"
    },
    "license": "MIT",
    "author": "Keith Cirkel <npm@keithcirkel.co.uk> (http://keithcirkel.co.uk/)",
    "type": "module",
    "exports": "./index.js",
    "types": "index.d.ts",
    "bin": "cli.js",
    "files": [
      "index.js",
      "index.d.ts",
      "cli.js"
    ],
    "scripts": {
      "lint": "eslint .",
      "prepare": "husky install",
      "semantic-release": "semantic-release",
      "sort-package-json": "node cli.js package.json --check",
      "test": "ava && dtslint --localTs node_modules/typescript/lib",
      "test-coverage": "nyc ava",
      "update-snapshot": "ava -u && node cli.js package.json"
    },
    "commitlint": {
      "extends": [
        "@commitlint/config-conventional"
      ]
    },
    "lint-staged": {
      "*.js": [
        "eslint --fix"
      ],
      "*.ts": [
        "prettier --write"
      ],
      "package.json": [
        "node cli.js"
      ]
    },
    "prettier": {
      "semi": false,
      "singleQuote": true,
      "trailingComma": "all"
    },
    "eslintConfig": {
      "extends": [
        "standard",
        "plugin:prettier/recommended"
      ]
    },
    "ava": {
      "verbose": true
    },
    "dependencies": {
      "detect-indent": "^7.0.1",
      "detect-newline": "^4.0.0",
      "diff": "^5.1.0",
      "git-hooks-list": "^3.0.0",
      "globby": "^13.1.2",
      "is-plain-obj": "^4.1.0",
      "yoctocolors": "^1.0.0",
      "sort-object-keys": "^1.1.3"
    },
    "devDependencies": {
      "@commitlint/cli": "^17.1.2",
      "@commitlint/config-conventional": "^17.1.0",
      "ava": "^4.3.3",
      "del": "^7.0.0",
      "dot-prop": "^7.2.0",
      "dtslint": "^4.2.1",
      "eslint": "^8.24.0",
      "eslint-config-prettier": "^8.5.0",
      "eslint-config-standard": "^17.0.0",
      "eslint-plugin-import": "^2.26.0",
      "eslint-plugin-n": "^15.3.0",
      "eslint-plugin-prettier": "^4.2.1",
      "eslint-plugin-promise": "^6.0.1",
      "husky": "^8.0.1",
      "lint-staged": "^13.0.3",
      "make-dir": "^3.1.0",
      "nyc": "^15.1.0",
      "prettier": "^2.7.1",
      "resolve": "^1.22.1",
      "semantic-release": "^19.0.5",
      "tempy": "^2.0.0",
      "typescript": "^4.8.4"
    }
  }

yarn manifest: 
  No manifest

Lockfile: 
  No lockfile
